#
# There is insufficient memory for the Java Runtime Environment to continue.
# Native memory allocation (malloc) failed to allocate 2097152 bytes for AllocateHeap
# Possible reasons:
#   The system is out of physical RAM or swap space
#   The process is running with CompressedOops enabled, and the Java Heap may be blocking the growth of the native heap
# Possible solutions:
#   Reduce memory load on the system
#   Increase physical memory or swap space
#   Check if swap backing store is full
#   Decrease Java heap size (-Xmx/-Xms)
#   Decrease number of Java threads
#   Decrease Java thread stack sizes (-Xss)
#   Set larger code cache with -XX:ReservedCodeCacheSize=
#   JVM is running with Unscaled Compressed Oops mode in which the Java heap is
#     placed in the first 4GB address space. The Java Heap base address is the
#     maximum limit for the native heap growth. Please use -XX:HeapBaseMinAddress
#     to set the Java Heap base and to place the Java Heap above 4GB virtual address.
# This output file may be truncated or incomplete.
#
#  Out of Memory Error (allocation.cpp:44), pid=34516, tid=20228
#
# JRE version: OpenJDK Runtime Environment Temurin-17.0.9+9 (17.0.9+9) (build 17.0.9+9)
# Java VM: OpenJDK 64-Bit Server VM Temurin-17.0.9+9 (17.0.9+9, mixed mode, emulated-client, tiered, compressed oops, compressed class ptrs, g1 gc, windows-amd64)
# No core dump will be written. Minidumps are not enabled by default on client versions of Windows
#

---------------  S U M M A R Y ------------

Command Line: -XX:+HeapDumpOnOutOfMemoryError -Xmx1024m -Dsts.lsp.client=vscode -Dsts.log.file=/dev/null -XX:TieredStopAtLevel=1 -Xlog:jni+resolve=off -Dspring.config.location=file:c:\Users\bryanesteban\.vscode\extensions\vmware.vscode-spring-boot-1.51.0\language-server\BOOT-INF\classes\application.properties org.springframework.ide.vscode.boot.app.BootLanguageServerBootApp

Host: 12th Gen Intel(R) Core(TM) i7-12700K, 20 cores, 63G,  Windows 10 , 64 bit Build 19041 (10.0.19041.3031)
Time: Tue Jan 30 17:46:30 2024 Hora est. Pacífico, Sudamérica elapsed time: 114158.261486 seconds (1d 7h 42m 38s)

---------------  T H R E A D  ---------------

Current thread (0x0000026da641a300):  VMThread "VM Thread" [stack: 0x000000aa5f500000,0x000000aa5f600000] [id=20228]

Stack: [0x000000aa5f500000,0x000000aa5f600000]
Native frames: (J=compiled Java code, j=interpreted, Vv=VM code, C=native code)
V  [jvm.dll+0x67cf49]
V  [jvm.dll+0x83478a]
V  [jvm.dll+0x83624e]
V  [jvm.dll+0x8368b3]
V  [jvm.dll+0x247f1f]
V  [jvm.dll+0xa6b4b]
V  [jvm.dll+0x2f8f01]
V  [jvm.dll+0x2f4af0]
V  [jvm.dll+0x2dd0d7]
V  [jvm.dll+0x320357]
V  [jvm.dll+0x83adab]
V  [jvm.dll+0x83baf1]
V  [jvm.dll+0x83c00d]
V  [jvm.dll+0x83c3e4]
V  [jvm.dll+0x83c4b0]
V  [jvm.dll+0x7e3c3a]
V  [jvm.dll+0x67be35]
C  [ucrtbase.dll+0x21bb2]
C  [KERNEL32.DLL+0x17614]
C  [ntdll.dll+0x526f1]

VM_Operation (0x000000aa618febe0): G1CollectFull, mode: safepoint, requested by thread 0x0000026dabf56650


---------------  P R O C E S S  ---------------

Threads class SMR info:
_java_thread_list=0x0000026da65af5c0, length=39, elements={
0x0000026da642f750, 0x0000026da64303d0, 0x0000026da64564e0, 0x0000026da6456db0,
0x0000026da6457680, 0x0000026da6457f50, 0x0000026da6458820, 0x0000026da6459130,
0x0000026da6787be0, 0x0000026da6793440, 0x0000026dabf48440, 0x0000026dabf56650,
0x0000026dabfc70f0, 0x0000026d9a458670, 0x0000026dac5b45a0, 0x0000026dac5eeab0,
0x0000026dac5f0e40, 0x0000026dac5f1d70, 0x0000026dac5f1350, 0x0000026dac5f1860,
0x0000026dac5e96f0, 0x0000026dac5eab30, 0x0000026dac5e5520, 0x0000026dac5e7380,
0x0000026dac5e87c0, 0x0000026dac5e8cd0, 0x0000026dac5e5a30, 0x0000026dac5e36c0,
0x0000026dac5ea620, 0x0000026dac5e6450, 0x0000026dac5ea110, 0x0000026dac5eb040,
0x0000026dac5e3bd0, 0x0000026dac5e4b00, 0x0000026dac5e5f40, 0x0000026dac5e6960,
0x0000026dac5e6e70, 0x0000026dac5e7890, 0x0000026dac5e7da0
}

Java Threads: ( => current thread )
  0x0000026da642f750 JavaThread "Reference Handler" daemon [_thread_blocked, id=34720, stack(0x000000aa5f600000,0x000000aa5f700000)]
  0x0000026da64303d0 JavaThread "Finalizer" daemon [_thread_blocked, id=33520, stack(0x000000aa5f700000,0x000000aa5f800000)]
  0x0000026da64564e0 JavaThread "Signal Dispatcher" daemon [_thread_blocked, id=34616, stack(0x000000aa5f800000,0x000000aa5f900000)]
  0x0000026da6456db0 JavaThread "Attach Listener" daemon [_thread_blocked, id=34336, stack(0x000000aa5f900000,0x000000aa5fa00000)]
  0x0000026da6457680 JavaThread "Service Thread" daemon [_thread_blocked, id=5964, stack(0x000000aa5fa00000,0x000000aa5fb00000)]
  0x0000026da6457f50 JavaThread "Monitor Deflation Thread" daemon [_thread_blocked, id=11812, stack(0x000000aa5fb00000,0x000000aa5fc00000)]
  0x0000026da6458820 JavaThread "C1 CompilerThread0" daemon [_thread_blocked, id=24164, stack(0x000000aa5fc00000,0x000000aa5fd00000)]
  0x0000026da6459130 JavaThread "Sweeper thread" daemon [_thread_blocked, id=14772, stack(0x000000aa5fd00000,0x000000aa5fe00000)]
  0x0000026da6787be0 JavaThread "Notification Thread" daemon [_thread_blocked, id=33760, stack(0x000000aa60100000,0x000000aa60200000)]
  0x0000026da6793440 JavaThread "Common-Cleaner" daemon [_thread_blocked, id=34572, stack(0x000000aa60300000,0x000000aa60400000)]
  0x0000026dabf48440 JavaThread "boundedElastic-evictor-1" daemon [_thread_blocked, id=33748, stack(0x000000aa61400000,0x000000aa61500000)]
  0x0000026dabf56650 JavaThread "pool-12-thread-1" [_thread_blocked, id=33612, stack(0x000000aa61800000,0x000000aa61900000)]
  0x0000026dabfc70f0 JavaThread "LanguageServerApp-lifecycle" [_thread_blocked, id=33616, stack(0x000000aa61900000,0x000000aa61a00000)]
  0x0000026d9a458670 JavaThread "DestroyJavaVM" [_thread_blocked, id=34384, stack(0x000000aa5ef00000,0x000000aa5f000000)]
  0x0000026dac5b45a0 JavaThread "pool-13-thread-1" [_thread_in_native, id=33620, stack(0x000000aa61a00000,0x000000aa61b00000)]
  0x0000026dac5eeab0 JavaThread "Simple-Language-Server main thread" daemon [_thread_blocked, id=34308, stack(0x000000aa61b00000,0x000000aa61c00000)]
  0x0000026dac5f0e40 JavaThread "pool-8-thread-1" [_thread_blocked, id=34496, stack(0x000000aa62000000,0x000000aa62100000)]
  0x0000026dac5f1d70 JavaThread "parallel-1" daemon [_thread_blocked, id=3888, stack(0x000000aa62100000,0x000000aa62200000)]
  0x0000026dac5f1350 JavaThread "pool-6-thread-1" [_thread_blocked, id=33444, stack(0x000000aa62200000,0x000000aa62300000)]
  0x0000026dac5f1860 JavaThread "parallel-2" daemon [_thread_blocked, id=33172, stack(0x000000aa62300000,0x000000aa62400000)]
  0x0000026dac5e96f0 JavaThread "parallel-3" daemon [_thread_blocked, id=33744, stack(0x000000aa62400000,0x000000aa62500000)]
  0x0000026dac5eab30 JavaThread "parallel-4" daemon [_thread_blocked, id=34480, stack(0x000000aa62900000,0x000000aa62a00000)]
  0x0000026dac5e5520 JavaThread "parallel-5" daemon [_thread_blocked, id=34508, stack(0x000000aa62a00000,0x000000aa62b00000)]
  0x0000026dac5e7380 JavaThread "Reconciler-1" daemon [_thread_blocked, id=34424, stack(0x000000aa62c00000,0x000000aa62d00000)]
  0x0000026dac5e87c0 JavaThread "parallel-6" daemon [_thread_blocked, id=17088, stack(0x000000aa5ee00000,0x000000aa5ef00000)]
  0x0000026dac5e8cd0 JavaThread "parallel-7" daemon [_thread_blocked, id=2320, stack(0x000000aa5fe00000,0x000000aa5ff00000)]
  0x0000026dac5e5a30 JavaThread "parallel-8" daemon [_thread_blocked, id=9124, stack(0x000000aa61c00000,0x000000aa61d00000)]
  0x0000026dac5e36c0 JavaThread "parallel-9" daemon [_thread_blocked, id=28744, stack(0x000000aa61d00000,0x000000aa61e00000)]
  0x0000026dac5ea620 JavaThread "parallel-10" daemon [_thread_blocked, id=34524, stack(0x000000aa61f00000,0x000000aa62000000)]
  0x0000026dac5e6450 JavaThread "parallel-11" daemon [_thread_blocked, id=27928, stack(0x000000aa62500000,0x000000aa62600000)]
  0x0000026dac5ea110 JavaThread "parallel-12" daemon [_thread_blocked, id=13252, stack(0x000000aa62600000,0x000000aa62700000)]
  0x0000026dac5eb040 JavaThread "parallel-13" daemon [_thread_blocked, id=4600, stack(0x000000aa60000000,0x000000aa60100000)]
  0x0000026dac5e3bd0 JavaThread "parallel-14" daemon [_thread_blocked, id=5088, stack(0x000000aa62700000,0x000000aa62800000)]
  0x0000026dac5e4b00 JavaThread "parallel-15" daemon [_thread_blocked, id=31172, stack(0x000000aa62800000,0x000000aa62900000)]
  0x0000026dac5e5f40 JavaThread "parallel-16" daemon [_thread_blocked, id=31204, stack(0x000000aa62b00000,0x000000aa62c00000)]
  0x0000026dac5e6960 JavaThread "parallel-17" daemon [_thread_blocked, id=16520, stack(0x000000aa62d00000,0x000000aa62e00000)]
  0x0000026dac5e6e70 JavaThread "parallel-18" daemon [_thread_blocked, id=33592, stack(0x000000aa62e00000,0x000000aa62f00000)]
  0x0000026dac5e7890 JavaThread "parallel-19" daemon [_thread_blocked, id=1796, stack(0x000000aa62f00000,0x000000aa63000000)]
  0x0000026dac5e7da0 JavaThread "parallel-20" daemon [_thread_blocked, id=8984, stack(0x000000aa63000000,0x000000aa63100000)]

Other Threads:
=>0x0000026da641a300 VMThread "VM Thread" [stack: 0x000000aa5f500000,0x000000aa5f600000] [id=20228]
  0x0000026da67886e0 WatcherThread [stack: 0x000000aa60200000,0x000000aa60300000] [id=29372]
  0x0000026d9a4981f0 GCTaskThread "GC Thread#0" [stack: 0x000000aa5f000000,0x000000aa5f100000] [id=33824]
  0x0000026dab5d2a10 GCTaskThread "GC Thread#1" [stack: 0x000000aa60400000,0x000000aa60500000] [id=33952]
  0x0000026dab5d2cd0 GCTaskThread "GC Thread#2" [stack: 0x000000aa60500000,0x000000aa60600000] [id=19192]
  0x0000026dab5d33a0 GCTaskThread "GC Thread#3" [stack: 0x000000aa60600000,0x000000aa60700000] [id=34624]
  0x0000026dab5d7cd0 GCTaskThread "GC Thread#4" [stack: 0x000000aa60700000,0x000000aa60800000] [id=34636]
  0x0000026dab5d7f90 GCTaskThread "GC Thread#5" [stack: 0x000000aa60800000,0x000000aa60900000] [id=33992]
  0x0000026dab5d8510 GCTaskThread "GC Thread#6" [stack: 0x000000aa60900000,0x000000aa60a00000] [id=34048]
  0x0000026dab5d8250 GCTaskThread "GC Thread#7" [stack: 0x000000aa60a00000,0x000000aa60b00000] [id=33736]
  0x0000026dab5d71d0 GCTaskThread "GC Thread#8" [stack: 0x000000aa60b00000,0x000000aa60c00000] [id=33524]
  0x0000026dab5d87d0 GCTaskThread "GC Thread#9" [stack: 0x000000aa60c00000,0x000000aa60d00000] [id=33932]
  0x0000026dab5d8a90 GCTaskThread "GC Thread#10" [stack: 0x000000aa60d00000,0x000000aa60e00000] [id=34628]
  0x0000026dab5d6f10 GCTaskThread "GC Thread#11" [stack: 0x000000aa60e00000,0x000000aa60f00000] [id=33908]
  0x0000026dab5d7490 GCTaskThread "GC Thread#12" [stack: 0x000000aa60f00000,0x000000aa61000000] [id=34056]
  0x0000026dab5d7750 GCTaskThread "GC Thread#13" [stack: 0x000000aa61000000,0x000000aa61100000] [id=34676]
  0x0000026dab5d7a10 GCTaskThread "GC Thread#14" [stack: 0x000000aa61100000,0x000000aa61200000] [id=34788]
  0x0000026d9a4a1140 ConcurrentGCThread "G1 Main Marker" [stack: 0x000000aa5f100000,0x000000aa5f200000] [id=34732]
  0x0000026d9a4a1b60 ConcurrentGCThread "G1 Conc#0" [stack: 0x000000aa5f200000,0x000000aa5f300000] [id=34608]
  0x0000026dab77c2f0 ConcurrentGCThread "G1 Conc#1" [stack: 0x000000aa61500000,0x000000aa61600000] [id=33776]
  0x0000026dab77b530 ConcurrentGCThread "G1 Conc#2" [stack: 0x000000aa61600000,0x000000aa61700000] [id=33564]
  0x0000026dab77acf0 ConcurrentGCThread "G1 Conc#3" [stack: 0x000000aa61700000,0x000000aa61800000] [id=33512]
  0x0000026d9a50ece0 ConcurrentGCThread "G1 Refine#0" [stack: 0x000000aa5f300000,0x000000aa5f400000] [id=16176]
  0x0000026dab5f62e0 ConcurrentGCThread "G1 Refine#1" [stack: 0x000000aa61200000,0x000000aa61300000] [id=34604]
  0x0000026dab5fc320 ConcurrentGCThread "G1 Refine#2" [stack: 0x000000aa61300000,0x000000aa61400000] [id=34060]
  0x0000026da61e8ba0 ConcurrentGCThread "G1 Service" [stack: 0x000000aa5f400000,0x000000aa5f500000] [id=3464]

Threads with active compile tasks:

VM state: at safepoint (normal execution)

VM Mutex/Monitor currently owned by a thread:  ([mutex/lock_event])
[0x0000026d982715e0] Threads_lock - owner thread: 0x0000026da641a300
[0x0000026d9a454db0] Heap_lock - owner thread: 0x0000026dabf56650

Heap address: 0x00000000c0000000, size: 1024 MB, Compressed Oops mode: 32-bit

CDS archive(s) not mapped
Compressed class space mapped at: 0x0000000100000000-0x0000000140000000, reserved size: 1073741824
Narrow klass base: 0x0000000000000000, Narrow klass shift: 3, Narrow klass range: 0x140000000

GC Precious Log:
 CPUs: 20 total, 20 available
 Memory: 65277M
 Large Page Support: Disabled
 NUMA Support: Disabled
 Compressed Oops: Enabled (32-bit)
 Heap Region Size: 1M
 Heap Min Capacity: 8M
 Heap Initial Capacity: 1020M
 Heap Max Capacity: 1G
 Pre-touch: Disabled
 Parallel Workers: 15
 Concurrent Workers: 4
 Concurrent Refinement Workers: 15
 Periodic GC: Disabled

Heap:
 garbage-first heap   total 96256K, used 35732K [0x00000000c0000000, 0x0000000100000000)
  region size 1024K, 1 young (1024K), 0 survivors (0K)
 Metaspace       used 58827K, committed 59328K, reserved 1114112K
  class space    used 7304K, committed 7552K, reserved 1048576K

Heap Regions: E=young(eden), S=young(survivor), O=old, HS=humongous(starts), HC=humongous(continues), CS=collection set, F=free, OA=open archive, CA=closed archive, TAMS=top-at-mark-start (previous, next)
|   0|0x00000000c0000000, 0x00000000c0100000, 0x00000000c0100000|100%|HS|  |TAMS 0x00000000c0100000, 0x00000000c0000000| Untracked 
|   1|0x00000000c0100000, 0x00000000c0200000, 0x00000000c0200000|100%|HC|  |TAMS 0x00000000c0200000, 0x00000000c0100000| Untracked 
|   2|0x00000000c0200000, 0x00000000c0300000, 0x00000000c0300000|100%|HC|  |TAMS 0x00000000c0300000, 0x00000000c0200000| Untracked 
|   3|0x00000000c0300000, 0x00000000c0400000, 0x00000000c0400000|100%|HC|  |TAMS 0x00000000c0400000, 0x00000000c0300000| Untracked 
|   4|0x00000000c0400000, 0x00000000c04ffff8, 0x00000000c0500000| 99%| O|  |TAMS 0x00000000c04ffff8, 0x00000000c0400000| Untracked 
|   5|0x00000000c0500000, 0x00000000c0600000, 0x00000000c0600000|100%| O|  |TAMS 0x00000000c0600000, 0x00000000c0500000| Untracked 
|   6|0x00000000c0600000, 0x00000000c06ffff8, 0x00000000c0700000| 99%| O|  |TAMS 0x00000000c06ffff8, 0x00000000c0600000| Untracked 
|   7|0x00000000c0700000, 0x00000000c0800000, 0x00000000c0800000|100%| O|  |TAMS 0x00000000c0800000, 0x00000000c0700000| Untracked 
|   8|0x00000000c0800000, 0x00000000c0900000, 0x00000000c0900000|100%| O|  |TAMS 0x00000000c0900000, 0x00000000c0800000| Untracked 
|   9|0x00000000c0900000, 0x00000000c09ffff0, 0x00000000c0a00000| 99%| O|  |TAMS 0x00000000c09ffff0, 0x00000000c0900000| Untracked 
|  10|0x00000000c0a00000, 0x00000000c0afffe8, 0x00000000c0b00000| 99%| O|  |TAMS 0x00000000c0afffe8, 0x00000000c0a00000| Untracked 
|  11|0x00000000c0b00000, 0x00000000c0c00000, 0x00000000c0c00000|100%| O|  |TAMS 0x00000000c0c00000, 0x00000000c0b00000| Untracked 
|  12|0x00000000c0c00000, 0x00000000c0d00000, 0x00000000c0d00000|100%| O|  |TAMS 0x00000000c0d00000, 0x00000000c0c00000| Untracked 
|  13|0x00000000c0d00000, 0x00000000c0e00000, 0x00000000c0e00000|100%| O|  |TAMS 0x00000000c0e00000, 0x00000000c0d00000| Untracked 
|  14|0x00000000c0e00000, 0x00000000c0f00000, 0x00000000c0f00000|100%| O|  |TAMS 0x00000000c0f00000, 0x00000000c0e00000| Untracked 
|  15|0x00000000c0f00000, 0x00000000c0fffff8, 0x00000000c1000000| 99%| O|  |TAMS 0x00000000c0fffff8, 0x00000000c0f00000| Untracked 
|  16|0x00000000c1000000, 0x00000000c10ffff8, 0x00000000c1100000| 99%| O|  |TAMS 0x00000000c10ffff8, 0x00000000c1000000| Untracked 
|  17|0x00000000c1100000, 0x00000000c1200000, 0x00000000c1200000|100%| O|  |TAMS 0x00000000c1200000, 0x00000000c1100000| Untracked 
|  18|0x00000000c1200000, 0x00000000c1300000, 0x00000000c1300000|100%| O|  |TAMS 0x00000000c1300000, 0x00000000c1200000| Untracked 
|  19|0x00000000c1300000, 0x00000000c13fffd8, 0x00000000c1400000| 99%| O|  |TAMS 0x00000000c13fffd8, 0x00000000c1300000| Untracked 
|  20|0x00000000c1400000, 0x00000000c1500000, 0x00000000c1500000|100%| O|  |TAMS 0x00000000c1500000, 0x00000000c1400000| Untracked 
|  21|0x00000000c1500000, 0x00000000c15fffe8, 0x00000000c1600000| 99%| O|  |TAMS 0x00000000c15fffe8, 0x00000000c1500000| Untracked 
|  22|0x00000000c1600000, 0x00000000c1700000, 0x00000000c1700000|100%| O|  |TAMS 0x00000000c1700000, 0x00000000c1600000| Untracked 
|  23|0x00000000c1700000, 0x00000000c1800000, 0x00000000c1800000|100%| O|  |TAMS 0x00000000c1800000, 0x00000000c1700000| Untracked 
|  24|0x00000000c1800000, 0x00000000c18ffff0, 0x00000000c1900000| 99%| O|  |TAMS 0x00000000c18ffff0, 0x00000000c1800000| Untracked 
|  25|0x00000000c1900000, 0x00000000c19ffff8, 0x00000000c1a00000| 99%| O|  |TAMS 0x00000000c19ffff8, 0x00000000c1900000| Untracked 
|  26|0x00000000c1a00000, 0x00000000c1af88c0, 0x00000000c1b00000| 97%| O|  |TAMS 0x00000000c1af88c0, 0x00000000c1a00000| Untracked 
|  27|0x00000000c1b00000, 0x00000000c1bfffd8, 0x00000000c1c00000| 99%| O|  |TAMS 0x00000000c1bfffd8, 0x00000000c1b00000| Untracked 
|  28|0x00000000c1c00000, 0x00000000c1d00000, 0x00000000c1d00000|100%|HS|  |TAMS 0x00000000c1d00000, 0x00000000c1c00000| Untracked 
|  29|0x00000000c1d00000, 0x00000000c1df6948, 0x00000000c1e00000| 96%| O|  |TAMS 0x00000000c1df6948, 0x00000000c1d00000| Untracked 
|  30|0x00000000c1e00000, 0x00000000c1eff600, 0x00000000c1f00000| 99%| O|  |TAMS 0x00000000c1eff600, 0x00000000c1e00000| Untracked 
|  31|0x00000000c1f00000, 0x00000000c1ffffd0, 0x00000000c2000000| 99%| O|  |TAMS 0x00000000c1ffffd0, 0x00000000c1f00000| Untracked 
|  32|0x00000000c2000000, 0x00000000c20f6968, 0x00000000c2100000| 96%| O|  |TAMS 0x00000000c20f6968, 0x00000000c2000000| Untracked 
|  33|0x00000000c2100000, 0x00000000c2100068, 0x00000000c2200000|  0%| O|  |TAMS 0x00000000c2100000, 0x00000000c2100000| Untracked 
|  34|0x00000000c2200000, 0x00000000c2200000, 0x00000000c2300000|  0%| F|  |TAMS 0x00000000c2200000, 0x00000000c2200000| Untracked 
|  35|0x00000000c2300000, 0x00000000c2300000, 0x00000000c2400000|  0%| F|  |TAMS 0x00000000c2300000, 0x00000000c2300000| Untracked 
|  36|0x00000000c2400000, 0x00000000c2400000, 0x00000000c2500000|  0%| F|  |TAMS 0x00000000c2400000, 0x00000000c2400000| Untracked 
|  37|0x00000000c2500000, 0x00000000c2500000, 0x00000000c2600000|  0%| F|  |TAMS 0x00000000c2500000, 0x00000000c2500000| Untracked 
|  38|0x00000000c2600000, 0x00000000c2600000, 0x00000000c2700000|  0%| F|  |TAMS 0x00000000c2600000, 0x00000000c2600000| Untracked 
|  39|0x00000000c2700000, 0x00000000c2700000, 0x00000000c2800000|  0%| F|  |TAMS 0x00000000c2700000, 0x00000000c2700000| Untracked 
|  40|0x00000000c2800000, 0x00000000c2800000, 0x00000000c2900000|  0%| F|  |TAMS 0x00000000c2800000, 0x00000000c2800000| Untracked 
|  41|0x00000000c2900000, 0x00000000c2900000, 0x00000000c2a00000|  0%| F|  |TAMS 0x00000000c2900000, 0x00000000c2900000| Untracked 
|  42|0x00000000c2a00000, 0x00000000c2a00000, 0x00000000c2b00000|  0%| F|  |TAMS 0x00000000c2a00000, 0x00000000c2a00000| Untracked 
|  43|0x00000000c2b00000, 0x00000000c2b00000, 0x00000000c2c00000|  0%| F|  |TAMS 0x00000000c2b00000, 0x00000000c2b00000| Untracked 
|  44|0x00000000c2c00000, 0x00000000c2c00000, 0x00000000c2d00000|  0%| F|  |TAMS 0x00000000c2c00000, 0x00000000c2c00000| Untracked 
|  45|0x00000000c2d00000, 0x00000000c2d00000, 0x00000000c2e00000|  0%| F|  |TAMS 0x00000000c2d00000, 0x00000000c2d00000| Untracked 
|  46|0x00000000c2e00000, 0x00000000c2e00000, 0x00000000c2f00000|  0%| F|  |TAMS 0x00000000c2e00000, 0x00000000c2e00000| Untracked 
|  47|0x00000000c2f00000, 0x00000000c2f00000, 0x00000000c3000000|  0%| F|  |TAMS 0x00000000c2f00000, 0x00000000c2f00000| Untracked 
|  48|0x00000000c3000000, 0x00000000c3000000, 0x00000000c3100000|  0%| F|  |TAMS 0x00000000c3000000, 0x00000000c3000000| Untracked 
|  49|0x00000000c3100000, 0x00000000c3100000, 0x00000000c3200000|  0%| F|  |TAMS 0x00000000c3100000, 0x00000000c3100000| Untracked 
|  50|0x00000000c3200000, 0x00000000c3200000, 0x00000000c3300000|  0%| F|  |TAMS 0x00000000c3200000, 0x00000000c3200000| Untracked 
|  51|0x00000000c3300000, 0x00000000c3300000, 0x00000000c3400000|  0%| F|  |TAMS 0x00000000c3300000, 0x00000000c3300000| Untracked 
|  52|0x00000000c3400000, 0x00000000c3400000, 0x00000000c3500000|  0%| F|  |TAMS 0x00000000c3400000, 0x00000000c3400000| Untracked 
|  53|0x00000000c3500000, 0x00000000c3500000, 0x00000000c3600000|  0%| F|  |TAMS 0x00000000c3500000, 0x00000000c3500000| Untracked 
|  54|0x00000000c3600000, 0x00000000c3600000, 0x00000000c3700000|  0%| F|  |TAMS 0x00000000c3600000, 0x00000000c3600000| Untracked 
|  55|0x00000000c3700000, 0x00000000c3700000, 0x00000000c3800000|  0%| F|  |TAMS 0x00000000c3700000, 0x00000000c3700000| Untracked 
|  56|0x00000000c3800000, 0x00000000c3800000, 0x00000000c3900000|  0%| F|  |TAMS 0x00000000c3800000, 0x00000000c3800000| Untracked 
|  57|0x00000000c3900000, 0x00000000c3900000, 0x00000000c3a00000|  0%| F|  |TAMS 0x00000000c3900000, 0x00000000c3900000| Untracked 
|  58|0x00000000c3a00000, 0x00000000c3a00000, 0x00000000c3b00000|  0%| F|  |TAMS 0x00000000c3a00000, 0x00000000c3a00000| Untracked 
|  59|0x00000000c3b00000, 0x00000000c3b00000, 0x00000000c3c00000|  0%| F|  |TAMS 0x00000000c3b00000, 0x00000000c3b00000| Untracked 
|  60|0x00000000c3c00000, 0x00000000c3c00000, 0x00000000c3d00000|  0%| F|  |TAMS 0x00000000c3c00000, 0x00000000c3c00000| Untracked 
|  61|0x00000000c3d00000, 0x00000000c3d00000, 0x00000000c3e00000|  0%| F|  |TAMS 0x00000000c3d00000, 0x00000000c3d00000| Untracked 
|  62|0x00000000c3e00000, 0x00000000c3e00000, 0x00000000c3f00000|  0%| F|  |TAMS 0x00000000c3e00000, 0x00000000c3e00000| Untracked 
|  63|0x00000000c3f00000, 0x00000000c3f00000, 0x00000000c4000000|  0%| F|  |TAMS 0x00000000c3f00000, 0x00000000c3f00000| Untracked 
|  64|0x00000000c4000000, 0x00000000c4000000, 0x00000000c4100000|  0%| F|  |TAMS 0x00000000c4000000, 0x00000000c4000000| Untracked 
|  65|0x00000000c4100000, 0x00000000c4100000, 0x00000000c4200000|  0%| F|  |TAMS 0x00000000c4100000, 0x00000000c4100000| Untracked 
|  66|0x00000000c4200000, 0x00000000c4200000, 0x00000000c4300000|  0%| F|  |TAMS 0x00000000c4200000, 0x00000000c4200000| Untracked 
|  67|0x00000000c4300000, 0x00000000c4300000, 0x00000000c4400000|  0%| F|  |TAMS 0x00000000c4300000, 0x00000000c4300000| Untracked 
|  68|0x00000000c4400000, 0x00000000c4400000, 0x00000000c4500000|  0%| F|  |TAMS 0x00000000c4400000, 0x00000000c4400000| Untracked 
|  69|0x00000000c4500000, 0x00000000c4500000, 0x00000000c4600000|  0%| F|  |TAMS 0x00000000c4500000, 0x00000000c4500000| Untracked 
|  70|0x00000000c4600000, 0x00000000c4600000, 0x00000000c4700000|  0%| F|  |TAMS 0x00000000c4600000, 0x00000000c4600000| Untracked 
|  71|0x00000000c4700000, 0x00000000c4700000, 0x00000000c4800000|  0%| F|  |TAMS 0x00000000c4700000, 0x00000000c4700000| Untracked 
|  72|0x00000000c4800000, 0x00000000c4800000, 0x00000000c4900000|  0%| F|  |TAMS 0x00000000c4800000, 0x00000000c4800000| Untracked 
|  73|0x00000000c4900000, 0x00000000c4900000, 0x00000000c4a00000|  0%| F|  |TAMS 0x00000000c4900000, 0x00000000c4900000| Untracked 
|  74|0x00000000c4a00000, 0x00000000c4a00000, 0x00000000c4b00000|  0%| F|  |TAMS 0x00000000c4a00000, 0x00000000c4a00000| Untracked 
|  75|0x00000000c4b00000, 0x00000000c4b00000, 0x00000000c4c00000|  0%| F|  |TAMS 0x00000000c4b00000, 0x00000000c4b00000| Untracked 
|  76|0x00000000c4c00000, 0x00000000c4c00000, 0x00000000c4d00000|  0%| F|  |TAMS 0x00000000c4c00000, 0x00000000c4c00000| Untracked 
|  77|0x00000000c4d00000, 0x00000000c4d00000, 0x00000000c4e00000|  0%| F|  |TAMS 0x00000000c4d00000, 0x00000000c4d00000| Untracked 
|  78|0x00000000c4e00000, 0x00000000c4e00000, 0x00000000c4f00000|  0%| F|  |TAMS 0x00000000c4e00000, 0x00000000c4e00000| Untracked 
|  79|0x00000000c4f00000, 0x00000000c4f00000, 0x00000000c5000000|  0%| F|  |TAMS 0x00000000c4f00000, 0x00000000c4f00000| Untracked 
|  80|0x00000000c5000000, 0x00000000c5000000, 0x00000000c5100000|  0%| F|  |TAMS 0x00000000c5000000, 0x00000000c5000000| Untracked 
|  81|0x00000000c5100000, 0x00000000c5100000, 0x00000000c5200000|  0%| F|  |TAMS 0x00000000c5100000, 0x00000000c5100000| Untracked 
|  82|0x00000000c5200000, 0x00000000c5200000, 0x00000000c5300000|  0%| F|  |TAMS 0x00000000c5200000, 0x00000000c5200000| Untracked 
|  83|0x00000000c5300000, 0x00000000c5300000, 0x00000000c5400000|  0%| F|  |TAMS 0x00000000c5300000, 0x00000000c5300000| Untracked 
|  84|0x00000000c5400000, 0x00000000c5400000, 0x00000000c5500000|  0%| F|  |TAMS 0x00000000c5400000, 0x00000000c5400000| Untracked 
|  85|0x00000000c5500000, 0x00000000c5500000, 0x00000000c5600000|  0%| F|  |TAMS 0x00000000c5500000, 0x00000000c5500000| Untracked 
|  86|0x00000000c5600000, 0x00000000c5600000, 0x00000000c5700000|  0%| F|  |TAMS 0x00000000c5600000, 0x00000000c5600000| Untracked 
|  87|0x00000000c5700000, 0x00000000c5700000, 0x00000000c5800000|  0%| F|  |TAMS 0x00000000c5700000, 0x00000000c5700000| Untracked 
|  88|0x00000000c5800000, 0x00000000c5800000, 0x00000000c5900000|  0%| F|  |TAMS 0x00000000c5800000, 0x00000000c5800000| Untracked 
|  89|0x00000000c5900000, 0x00000000c5900000, 0x00000000c5a00000|  0%| F|  |TAMS 0x00000000c5900000, 0x00000000c5900000| Untracked 
|  90|0x00000000c5a00000, 0x00000000c5b00000, 0x00000000c5b00000|100%| O|  |TAMS 0x00000000c5b00000, 0x00000000c5a00000| Untracked 
|  91|0x00000000c5b00000, 0x00000000c5c00000, 0x00000000c5c00000|100%| O|  |TAMS 0x00000000c5c00000, 0x00000000c5b00000| Untracked 
|  92|0x00000000c5c00000, 0x00000000c5c00000, 0x00000000c5d00000|  0%| F|  |TAMS 0x00000000c5c00000, 0x00000000c5c00000| Untracked 
|  93|0x00000000c5d00000, 0x00000000c5d058a8, 0x00000000c5e00000|  2%| E|  |TAMS 0x00000000c5d00000, 0x00000000c5d00000| Complete 

Card table byte_map: [0x0000026da0b70000,0x0000026da0d70000] _byte_map_base: 0x0000026da0570000

Marking Bits (Prev, Next): (CMBitMap*) 0x0000026d9a498850, (CMBitMap*) 0x0000026d9a498810
 Prev Bits: [0x0000026da1f70000, 0x0000026da2f70000)
 Next Bits: [0x0000026da0f70000, 0x0000026da1f70000)

Polling page: 0x0000026d98350000

Metaspace:

Usage:
  Non-class:     50.32 MB used.
      Class:      7.13 MB used.
       Both:     57.45 MB used.

Virtual space:
  Non-class space:       64.00 MB reserved,      50.56 MB ( 79%) committed,  1 nodes.
      Class space:        1.00 GB reserved,       7.38 MB ( <1%) committed,  1 nodes.
             Both:        1.06 GB reserved,      57.94 MB (  5%) committed. 

Chunk freelists:
   Non-Class:  12.64 MB
       Class:  8.62 MB
        Both:  21.26 MB

MaxMetaspaceSize: unlimited
CompressedClassSpaceSize: 1.00 GB
Initial GC threshold: 21.00 MB
Current GC threshold: 96.56 MB
CDS: off
MetaspaceReclaimPolicy: balanced
 - commit_granule_bytes: 65536.
 - commit_granule_words: 8192.
 - virtual_space_node_default_size: 8388608.
 - enlarge_chunks_in_place: 1.
 - new_chunks_are_fully_committed: 0.
 - uncommit_free_chunks: 1.
 - use_allocation_guard: 0.
 - handle_deallocations: 1.


Internal statistics:

num_allocs_failed_limit: 6.
num_arena_births: 914.
num_arena_deaths: 420.
num_vsnodes_births: 2.
num_vsnodes_deaths: 0.
num_space_committed: 927.
num_space_uncommitted: 0.
num_chunks_returned_to_freelist: 544.
num_chunks_taken_from_freelist: 2983.
num_chunk_merges: 181.
num_chunk_splits: 1897.
num_chunks_enlarged: 1352.
num_inconsistent_stats: 0.

CodeCache: size=49152Kb used=20978Kb max_used=22550Kb free=28173Kb
 bounds [0x0000026d9d0f0000, 0x0000026d9e770000, 0x0000026da00f0000]
 total_blobs=11194 nmethods=10521 adapters=598
 compilation: enabled
              stopped_count=0, restarted_count=0
 full_count=0

Compilation events (20 events):
Event: 45736.152 Thread 0x0000026da6458820 nmethod 10674 0x0000026d9e2c2110 code [0x0000026d9e2c22a0, 0x0000026d9e2c2478]
Event: 45736.152 Thread 0x0000026da6458820 10675       1       java.util.stream.Collectors$$Lambda$798/0x0000000100540ad8::get (8 bytes)
Event: 45736.152 Thread 0x0000026da6458820 nmethod 10675 0x0000026d9e2c1d90 code [0x0000026d9e2c1f20, 0x0000026d9e2c2058]
Event: 45736.153 Thread 0x0000026dacdddfb0 nmethod 10673 0x0000026d9e2c1010 code [0x0000026d9e2c1260, 0x0000026d9e2c19b8]
Event: 45736.715 Thread 0x0000026dacdddfb0 10676       1       org.eclipse.jdt.internal.compiler.parser.Parser::consumeStatementThrow (58 bytes)
Event: 45736.715 Thread 0x0000026da6458820 10677       1       org.eclipse.jdt.internal.compiler.ast.ThrowStatement::<init> (20 bytes)
Event: 45736.716 Thread 0x0000026da6458820 nmethod 10677 0x0000026d9e2c0d10 code [0x0000026d9e2c0ea0, 0x0000026d9e2c0fb8]
Event: 45736.716 Thread 0x0000026dacdddfb0 nmethod 10676 0x0000026d9e2c0810 code [0x0000026d9e2c09c0, 0x0000026d9e2c0be8]
Event: 45802.644 Thread 0x0000026da6458820 10678   !   1       org.eclipse.jdt.internal.compiler.problem.ProblemReporter::invalidType (824 bytes)
Event: 45802.645 Thread 0x0000026da6458820 nmethod 10678 0x0000026d9e2bdd10 code [0x0000026d9e2be0e0, 0x0000026d9e2bfa38]
Event: 45802.933 Thread 0x0000026da6458820 10679       1       org.eclipse.jdt.internal.compiler.lookup.ProblemReferenceBinding::shortReadableName (5 bytes)
Event: 45802.934 Thread 0x0000026da6458820 nmethod 10679 0x0000026d9e2bda10 code [0x0000026d9e2bdba0, 0x0000026d9e2bdc88]
Event: 45839.134 Thread 0x0000026da6458820 10680   !   1       java.util.ArrayList::batchRemove (184 bytes)
Event: 45839.135 Thread 0x0000026da6458820 nmethod 10680 0x0000026d9e2bcd90 code [0x0000026d9e2bcfa0, 0x0000026d9e2bd5b8]
Event: 45839.212 Thread 0x0000026da6458820 10681   !   1       jdk.internal.reflect.GeneratedConstructorAccessor13::newInstance (53 bytes)
Event: 45839.212 Thread 0x0000026da6458820 nmethod 10681 0x0000026d9e2bc390 code [0x0000026d9e2bc580, 0x0000026d9e2bca48]
Event: 45839.674 Thread 0x0000026da6458820 10682       1       java.util.stream.Collectors::groupingBy (8 bytes)
Event: 45839.675 Thread 0x0000026da6458820 nmethod 10682 0x0000026d9e2bbf10 code [0x0000026d9e2bc0c0, 0x0000026d9e2bc258]
Event: 45839.714 Thread 0x0000026da6458820 10683       1       java.util.stream.FindOps$FindSink::accept (18 bytes)
Event: 45839.714 Thread 0x0000026da6458820 nmethod 10683 0x0000026d9e2bbc10 code [0x0000026d9e2bbda0, 0x0000026d9e2bbeb8]

GC Heap History (20 events):
Event: 114057.106 GC heap before
{Heap before GC invocations=11070 (full 10898):
 garbage-first heap   total 96256K, used 35732K [0x00000000c0000000, 0x0000000100000000)
  region size 1024K, 1 young (1024K), 0 survivors (0K)
 Metaspace       used 58827K, committed 59328K, reserved 1114112K
  class space    used 7304K, committed 7552K, reserved 1048576K
}
Event: 114057.124 GC heap after
{Heap after GC invocations=11071 (full 10899):
 garbage-first heap   total 96256K, used 35732K [0x00000000c0000000, 0x0000000100000000)
  region size 1024K, 0 young (0K), 0 survivors (0K)
 Metaspace       used 58827K, committed 59328K, reserved 1114112K
  class space    used 7304K, committed 7552K, reserved 1048576K
}
Event: 114067.224 GC heap before
{Heap before GC invocations=11071 (full 10899):
 garbage-first heap   total 96256K, used 35732K [0x00000000c0000000, 0x0000000100000000)
  region size 1024K, 1 young (1024K), 0 survivors (0K)
 Metaspace       used 58827K, committed 59328K, reserved 1114112K
  class space    used 7304K, committed 7552K, reserved 1048576K
}
Event: 114067.245 GC heap after
{Heap after GC invocations=11072 (full 10900):
 garbage-first heap   total 96256K, used 35732K [0x00000000c0000000, 0x0000000100000000)
  region size 1024K, 0 young (0K), 0 survivors (0K)
 Metaspace       used 58827K, committed 59328K, reserved 1114112K
  class space    used 7304K, committed 7552K, reserved 1048576K
}
Event: 114077.338 GC heap before
{Heap before GC invocations=11072 (full 10900):
 garbage-first heap   total 96256K, used 35732K [0x00000000c0000000, 0x0000000100000000)
  region size 1024K, 1 young (1024K), 0 survivors (0K)
 Metaspace       used 58827K, committed 59328K, reserved 1114112K
  class space    used 7304K, committed 7552K, reserved 1048576K
}
Event: 114077.357 GC heap after
{Heap after GC invocations=11073 (full 10901):
 garbage-first heap   total 96256K, used 35732K [0x00000000c0000000, 0x0000000100000000)
  region size 1024K, 0 young (0K), 0 survivors (0K)
 Metaspace       used 58827K, committed 59328K, reserved 1114112K
  class space    used 7304K, committed 7552K, reserved 1048576K
}
Event: 114087.460 GC heap before
{Heap before GC invocations=11073 (full 10901):
 garbage-first heap   total 96256K, used 35732K [0x00000000c0000000, 0x0000000100000000)
  region size 1024K, 1 young (1024K), 0 survivors (0K)
 Metaspace       used 58827K, committed 59328K, reserved 1114112K
  class space    used 7304K, committed 7552K, reserved 1048576K
}
Event: 114087.482 GC heap after
{Heap after GC invocations=11074 (full 10902):
 garbage-first heap   total 96256K, used 35732K [0x00000000c0000000, 0x0000000100000000)
  region size 1024K, 0 young (0K), 0 survivors (0K)
 Metaspace       used 58827K, committed 59328K, reserved 1114112K
  class space    used 7304K, committed 7552K, reserved 1048576K
}
Event: 114097.593 GC heap before
{Heap before GC invocations=11074 (full 10902):
 garbage-first heap   total 96256K, used 35732K [0x00000000c0000000, 0x0000000100000000)
  region size 1024K, 1 young (1024K), 0 survivors (0K)
 Metaspace       used 58827K, committed 59328K, reserved 1114112K
  class space    used 7304K, committed 7552K, reserved 1048576K
}
Event: 114097.615 GC heap after
{Heap after GC invocations=11075 (full 10903):
 garbage-first heap   total 96256K, used 35732K [0x00000000c0000000, 0x0000000100000000)
  region size 1024K, 0 young (0K), 0 survivors (0K)
 Metaspace       used 58827K, committed 59328K, reserved 1114112K
  class space    used 7304K, committed 7552K, reserved 1048576K
}
Event: 114107.707 GC heap before
{Heap before GC invocations=11075 (full 10903):
 garbage-first heap   total 96256K, used 35732K [0x00000000c0000000, 0x0000000100000000)
  region size 1024K, 1 young (1024K), 0 survivors (0K)
 Metaspace       used 58827K, committed 59328K, reserved 1114112K
  class space    used 7304K, committed 7552K, reserved 1048576K
}
Event: 114107.729 GC heap after
{Heap after GC invocations=11076 (full 10904):
 garbage-first heap   total 96256K, used 35732K [0x00000000c0000000, 0x0000000100000000)
  region size 1024K, 0 young (0K), 0 survivors (0K)
 Metaspace       used 58827K, committed 59328K, reserved 1114112K
  class space    used 7304K, committed 7552K, reserved 1048576K
}
Event: 114117.823 GC heap before
{Heap before GC invocations=11076 (full 10904):
 garbage-first heap   total 96256K, used 35732K [0x00000000c0000000, 0x0000000100000000)
  region size 1024K, 1 young (1024K), 0 survivors (0K)
 Metaspace       used 58827K, committed 59328K, reserved 1114112K
  class space    used 7304K, committed 7552K, reserved 1048576K
}
Event: 114117.846 GC heap after
{Heap after GC invocations=11077 (full 10905):
 garbage-first heap   total 96256K, used 35732K [0x00000000c0000000, 0x0000000100000000)
  region size 1024K, 0 young (0K), 0 survivors (0K)
 Metaspace       used 58827K, committed 59328K, reserved 1114112K
  class space    used 7304K, committed 7552K, reserved 1048576K
}
Event: 114127.961 GC heap before
{Heap before GC invocations=11077 (full 10905):
 garbage-first heap   total 96256K, used 35732K [0x00000000c0000000, 0x0000000100000000)
  region size 1024K, 1 young (1024K), 0 survivors (0K)
 Metaspace       used 58827K, committed 59328K, reserved 1114112K
  class space    used 7304K, committed 7552K, reserved 1048576K
}
Event: 114127.984 GC heap after
{Heap after GC invocations=11078 (full 10906):
 garbage-first heap   total 96256K, used 35732K [0x00000000c0000000, 0x0000000100000000)
  region size 1024K, 0 young (0K), 0 survivors (0K)
 Metaspace       used 58827K, committed 59328K, reserved 1114112K
  class space    used 7304K, committed 7552K, reserved 1048576K
}
Event: 114138.084 GC heap before
{Heap before GC invocations=11078 (full 10906):
 garbage-first heap   total 96256K, used 35732K [0x00000000c0000000, 0x0000000100000000)
  region size 1024K, 1 young (1024K), 0 survivors (0K)
 Metaspace       used 58827K, committed 59328K, reserved 1114112K
  class space    used 7304K, committed 7552K, reserved 1048576K
}
Event: 114138.102 GC heap after
{Heap after GC invocations=11079 (full 10907):
 garbage-first heap   total 96256K, used 35732K [0x00000000c0000000, 0x0000000100000000)
  region size 1024K, 0 young (0K), 0 survivors (0K)
 Metaspace       used 58827K, committed 59328K, reserved 1114112K
  class space    used 7304K, committed 7552K, reserved 1048576K
}
Event: 114148.185 GC heap before
{Heap before GC invocations=11079 (full 10907):
 garbage-first heap   total 96256K, used 35732K [0x00000000c0000000, 0x0000000100000000)
  region size 1024K, 1 young (1024K), 0 survivors (0K)
 Metaspace       used 58827K, committed 59328K, reserved 1114112K
  class space    used 7304K, committed 7552K, reserved 1048576K
}
Event: 114148.203 GC heap after
{Heap after GC invocations=11080 (full 10908):
 garbage-first heap   total 96256K, used 35732K [0x00000000c0000000, 0x0000000100000000)
  region size 1024K, 0 young (0K), 0 survivors (0K)
 Metaspace       used 58827K, committed 59328K, reserved 1114112K
  class space    used 7304K, committed 7552K, reserved 1048576K
}

Dll operation events (9 events):
Event: 0.005 Loaded shared library c:\Users\bryanesteban\.vscode\extensions\redhat.java-1.26.0-win32-x64\jre\17.0.9-win32-x86_64\bin\java.dll
Event: 0.157 Loaded shared library C:\Users\bryanesteban\.vscode\extensions\redhat.java-1.26.0-win32-x64\jre\17.0.9-win32-x86_64\bin\net.dll
Event: 0.158 Loaded shared library C:\Users\bryanesteban\.vscode\extensions\redhat.java-1.26.0-win32-x64\jre\17.0.9-win32-x86_64\bin\nio.dll
Event: 0.167 Loaded shared library C:\Users\bryanesteban\.vscode\extensions\redhat.java-1.26.0-win32-x64\jre\17.0.9-win32-x86_64\bin\zip.dll
Event: 0.485 Loaded shared library C:\Users\bryanesteban\.vscode\extensions\redhat.java-1.26.0-win32-x64\jre\17.0.9-win32-x86_64\bin\jimage.dll
Event: 2.835 Loaded shared library c:\Users\bryanesteban\.vscode\extensions\redhat.java-1.26.0-win32-x64\jre\17.0.9-win32-x86_64\bin\verify.dll
Event: 3.048 Loaded shared library C:\Users\bryanesteban\.vscode\extensions\redhat.java-1.26.0-win32-x64\jre\17.0.9-win32-x86_64\bin\management.dll
Event: 3.050 Loaded shared library C:\Users\bryanesteban\.vscode\extensions\redhat.java-1.26.0-win32-x64\jre\17.0.9-win32-x86_64\bin\management_ext.dll
Event: 3.949 Loaded shared library C:\Users\bryanesteban\.vscode\extensions\redhat.java-1.26.0-win32-x64\jre\17.0.9-win32-x86_64\bin\sunmscapi.dll

Deoptimization events (20 events):
Event: 35797.801 Thread 0x0000026dac5f1350 DEOPT PACKING pc=0x0000026d9e14cefd sp=0x000000aa622fcd00
Event: 35797.801 Thread 0x0000026dac5f1350 DEOPT UNPACKING pc=0x0000026d9d147143 sp=0x000000aa622fc268 mode 3
Event: 35995.869 Thread 0x0000026dad110ff0 DEOPT PACKING pc=0x0000026d9d74edab sp=0x000000aa5edfea70
Event: 35995.869 Thread 0x0000026dad110ff0 DEOPT UNPACKING pc=0x0000026d9d147143 sp=0x000000aa5edfdf70 mode 3
Event: 36110.801 Thread 0x0000026dad10fbb0 DEOPT PACKING pc=0x0000026d9d32f48e sp=0x000000aa5edfe070
Event: 36110.801 Thread 0x0000026dad10fbb0 DEOPT UNPACKING pc=0x0000026d9d147143 sp=0x000000aa5edfd5f8 mode 0
Event: 36110.801 Thread 0x0000026dad10fbb0 DEOPT PACKING pc=0x0000026d9e08ec1c sp=0x000000aa5edfe1d0
Event: 36110.801 Thread 0x0000026dad10fbb0 DEOPT UNPACKING pc=0x0000026d9d147143 sp=0x000000aa5edfd700 mode 0
Event: 36145.892 Thread 0x0000026dad10fbb0 DEOPT PACKING pc=0x0000026d9d40b951 sp=0x000000aa5edfe9b0
Event: 36145.892 Thread 0x0000026dad10fbb0 DEOPT UNPACKING pc=0x0000026d9d147143 sp=0x000000aa5edfde98 mode 3
Event: 36167.418 Thread 0x0000026dad10fbb0 DEOPT PACKING pc=0x0000026d9e1ddc3b sp=0x000000aa5edfe970
Event: 36167.418 Thread 0x0000026dad10fbb0 DEOPT UNPACKING pc=0x0000026d9d147143 sp=0x000000aa5edfde40 mode 3
Event: 37074.640 Thread 0x0000026dad111f20 DEOPT PACKING pc=0x0000026d9e5ea68f sp=0x000000aa5edfe030
Event: 37074.640 Thread 0x0000026dad111f20 DEOPT UNPACKING pc=0x0000026d9d147143 sp=0x000000aa5edfd538 mode 3
Event: 37167.408 Thread 0x0000026dac5f1350 DEOPT PACKING pc=0x0000026d9e6a8e1f sp=0x000000aa622fdba0
Event: 37167.408 Thread 0x0000026dac5f1350 DEOPT UNPACKING pc=0x0000026d9d147143 sp=0x000000aa622fd5d8 mode 3
Event: 37306.924 Thread 0x0000026dad113d80 DEOPT PACKING pc=0x0000026d9e661544 sp=0x000000aa5edfd8c0
Event: 37306.924 Thread 0x0000026dad113d80 DEOPT UNPACKING pc=0x0000026d9d147143 sp=0x000000aa5edfce00 mode 3
Event: 37588.502 Thread 0x0000026dad1147a0 DEOPT PACKING pc=0x0000026d9e64ffb6 sp=0x000000aa632fd730
Event: 37588.502 Thread 0x0000026dad1147a0 DEOPT UNPACKING pc=0x0000026d9d147143 sp=0x000000aa632fcc50 mode 3

Classes unloaded (20 events):
Event: 38442.421 Thread 0x0000026da641a300 Unloading class 0x000000010074b000 'jdk/internal/reflect/GeneratedConstructorAccessor88'
Event: 38442.421 Thread 0x0000026da641a300 Unloading class 0x0000000100743c00 'jdk/internal/reflect/GeneratedMethodAccessor64'
Event: 38442.421 Thread 0x0000026da641a300 Unloading class 0x0000000100743800 'jdk/internal/reflect/GeneratedConstructorAccessor87'
Event: 38442.421 Thread 0x0000026da641a300 Unloading class 0x000000010074ac00 'jdk/internal/reflect/GeneratedMethodAccessor63'
Event: 38442.421 Thread 0x0000026da641a300 Unloading class 0x000000010074b800 'jdk/internal/reflect/GeneratedMethodAccessor62'
Event: 38442.421 Thread 0x0000026da641a300 Unloading class 0x0000000100742400 'jdk/internal/reflect/GeneratedMethodAccessor61'
Event: 45159.243 Thread 0x0000026da641a300 Unloading class 0x0000000100743c00 'jdk/internal/reflect/GeneratedMethodAccessor70'
Event: 45159.243 Thread 0x0000026da641a300 Unloading class 0x0000000100743800 'jdk/internal/reflect/GeneratedConstructorAccessor90'
Event: 45159.243 Thread 0x0000026da641a300 Unloading class 0x000000010074b400 'jdk/internal/reflect/GeneratedMethodAccessor69'
Event: 45159.243 Thread 0x0000026da641a300 Unloading class 0x000000010074b000 'jdk/internal/reflect/GeneratedConstructorAccessor89'
Event: 45159.243 Thread 0x0000026da641a300 Unloading class 0x0000000100742400 'jdk/internal/reflect/GeneratedMethodAccessor68'
Event: 45159.243 Thread 0x0000026da641a300 Unloading class 0x000000010074b800 'jdk/internal/reflect/GeneratedMethodAccessor67'
Event: 45159.243 Thread 0x0000026da641a300 Unloading class 0x000000010074ac00 'jdk/internal/reflect/GeneratedMethodAccessor66'
Event: 45911.735 Thread 0x0000026da641a300 Unloading class 0x000000010074b400 'jdk/internal/reflect/GeneratedMethodAccessor75'
Event: 45911.735 Thread 0x0000026da641a300 Unloading class 0x000000010074b000 'jdk/internal/reflect/GeneratedConstructorAccessor92'
Event: 45911.735 Thread 0x0000026da641a300 Unloading class 0x0000000100743c00 'jdk/internal/reflect/GeneratedMethodAccessor74'
Event: 45911.735 Thread 0x0000026da641a300 Unloading class 0x0000000100743800 'jdk/internal/reflect/GeneratedConstructorAccessor91'
Event: 45911.735 Thread 0x0000026da641a300 Unloading class 0x000000010074ac00 'jdk/internal/reflect/GeneratedMethodAccessor73'
Event: 45911.735 Thread 0x0000026da641a300 Unloading class 0x000000010074b800 'jdk/internal/reflect/GeneratedMethodAccessor72'
Event: 45911.735 Thread 0x0000026da641a300 Unloading class 0x0000000100742400 'jdk/internal/reflect/GeneratedMethodAccessor71'

Classes redefined (0 events):
No events

Internal exceptions (20 events):
Event: 36145.387 Thread 0x0000026dac5f1350 Exception <a 'sun/nio/fs/WindowsException'{0x00000000c6d53300}> (0x00000000c6d53300) 
thrown [s\src\hotspot\share\prims\jni.cpp, line 516]
Event: 36145.387 Thread 0x0000026dac5f1350 Exception <a 'sun/nio/fs/WindowsException'{0x00000000c6d544e8}> (0x00000000c6d544e8) 
thrown [s\src\hotspot\share\prims\jni.cpp, line 516]
Event: 36145.387 Thread 0x0000026dac5f1350 Exception <a 'sun/nio/fs/WindowsException'{0x00000000c6d54fd0}> (0x00000000c6d54fd0) 
thrown [s\src\hotspot\share\prims\jni.cpp, line 516]
Event: 36145.387 Thread 0x0000026dac5f1350 Exception <a 'sun/nio/fs/WindowsException'{0x00000000c6d55a70}> (0x00000000c6d55a70) 
thrown [s\src\hotspot\share\prims\jni.cpp, line 516]
Event: 36145.387 Thread 0x0000026dac5f1350 Exception <a 'sun/nio/fs/WindowsException'{0x00000000c6d56558}> (0x00000000c6d56558) 
thrown [s\src\hotspot\share\prims\jni.cpp, line 516]
Event: 36145.387 Thread 0x0000026dac5f1350 Exception <a 'sun/nio/fs/WindowsException'{0x00000000c6d57110}> (0x00000000c6d57110) 
thrown [s\src\hotspot\share\prims\jni.cpp, line 516]
Event: 36145.387 Thread 0x0000026dac5f1350 Exception <a 'sun/nio/fs/WindowsException'{0x00000000c6d57d30}> (0x00000000c6d57d30) 
thrown [s\src\hotspot\share\prims\jni.cpp, line 516]
Event: 36145.892 Thread 0x0000026dad10fbb0 Implicit null exception at 0x0000026d9d40b75a to 0x0000026d9d40b94c
Event: 36167.418 Thread 0x0000026dad10fbb0 Implicit null exception at 0x0000026d9e1dc984 to 0x0000026d9e1ddc36
Event: 37074.640 Thread 0x0000026dad111f20 Implicit null exception at 0x0000026d9e5ea3ff to 0x0000026d9e5ea68a
Event: 37306.924 Thread 0x0000026dad113d80 Implicit null exception at 0x0000026d9e6613b2 to 0x0000026d9e66153f
Event: 37588.502 Thread 0x0000026dad1147a0 Implicit null exception at 0x0000026d9e64f7b6 to 0x0000026d9e64ffb1
Event: 37923.553 Thread 0x0000026dad10f190 Implicit null exception at 0x0000026d9e5c8bb7 to 0x0000026d9e5c8cda
Event: 37923.553 Thread 0x0000026dad10f190 Exception <a 'java/lang/NullPointerException'{0x00000000c45a1940}> (0x00000000c45a1940) 
thrown [s\src\hotspot\share\runtime\sharedRuntime.cpp, line 631]
Event: 38207.600 Thread 0x0000026dad10fbb0 Implicit null exception at 0x0000026d9e5c8bb7 to 0x0000026d9e5c8cda
Event: 38207.600 Thread 0x0000026dad10fbb0 Exception <a 'java/lang/NullPointerException'{0x00000000c4c51230}> (0x00000000c4c51230) 
thrown [s\src\hotspot\share\runtime\sharedRuntime.cpp, line 631]
Event: 38208.753 Thread 0x0000026dad1100c0 Implicit null exception at 0x0000026d9e5c8bb7 to 0x0000026d9e5c8cda
Event: 38208.753 Thread 0x0000026dad1100c0 Exception <a 'java/lang/NullPointerException'{0x00000000c3d03e78}> (0x00000000c3d03e78) 
thrown [s\src\hotspot\share\runtime\sharedRuntime.cpp, line 631]
Event: 38210.529 Thread 0x0000026dad1100c0 Implicit null exception at 0x0000026d9e5c8bb7 to 0x0000026d9e5c8cda
Event: 38210.529 Thread 0x0000026dad1100c0 Exception <a 'java/lang/NullPointerException'{0x00000000c5289838}> (0x00000000c5289838) 
thrown [s\src\hotspot\share\runtime\sharedRuntime.cpp, line 631]

VM Operations (20 events):
Event: 114057.124 Executing VM operation: G1CollectFull done
Event: 114067.224 Executing VM operation: G1CollectFull
Event: 114067.245 Executing VM operation: G1CollectFull done
Event: 114077.337 Executing VM operation: G1CollectFull
Event: 114077.357 Executing VM operation: G1CollectFull done
Event: 114087.460 Executing VM operation: G1CollectFull
Event: 114087.482 Executing VM operation: G1CollectFull done
Event: 114097.593 Executing VM operation: G1CollectFull
Event: 114097.615 Executing VM operation: G1CollectFull done
Event: 114107.707 Executing VM operation: G1CollectFull
Event: 114107.729 Executing VM operation: G1CollectFull done
Event: 114117.823 Executing VM operation: G1CollectFull
Event: 114117.846 Executing VM operation: G1CollectFull done
Event: 114127.961 Executing VM operation: G1CollectFull
Event: 114127.984 Executing VM operation: G1CollectFull done
Event: 114138.084 Executing VM operation: G1CollectFull
Event: 114138.102 Executing VM operation: G1CollectFull done
Event: 114148.185 Executing VM operation: G1CollectFull
Event: 114148.203 Executing VM operation: G1CollectFull done
Event: 114158.251 Executing VM operation: G1CollectFull

Events (20 events):
Event: 45289.682 Thread 0x0000026dacdddfb0 Thread added: 0x0000026dacdddfb0
Event: 45289.682 Thread 0x0000026dacddefa0 Thread added: 0x0000026dacddefa0
Event: 45294.712 Thread 0x0000026dacddefa0 Thread exited: 0x0000026dacddefa0
Event: 45294.712 Thread 0x0000026dacdddfb0 Thread exited: 0x0000026dacdddfb0
Event: 45294.712 Thread 0x0000026dacddfa40 Thread exited: 0x0000026dacddfa40
Event: 45310.220 Thread 0x0000026dad10f190 Thread exited: 0x0000026dad10f190
Event: 45324.809 Thread 0x0000026dad1100c0 Thread exited: 0x0000026dad1100c0
Event: 45642.668 Thread 0x0000026dad1147a0 Thread exited: 0x0000026dad1147a0
Event: 45662.046 Thread 0x0000026dad112940 Thread added: 0x0000026dad112940
Event: 45688.698 Thread 0x0000026dad10e260 Thread exited: 0x0000026dad10e260
Event: 45700.744 Thread 0x0000026dad1105d0 Thread added: 0x0000026dad1105d0
Event: 45735.711 Thread 0x0000026dacdddfb0 Thread added: 0x0000026dacdddfb0
Event: 45736.603 Thread 0x0000026dad10fbb0 Thread added: 0x0000026dad10fbb0
Event: 45741.727 Thread 0x0000026dacdddfb0 Thread exited: 0x0000026dacdddfb0
Event: 45796.620 Thread 0x0000026dad10fbb0 Thread exited: 0x0000026dad10fbb0
Event: 45840.096 Thread 0x0000026dad113d80 Thread added: 0x0000026dad113d80
Event: 45900.106 Thread 0x0000026dad113d80 Thread exited: 0x0000026dad113d80
Event: 45901.139 Thread 0x0000026dad112940 Thread exited: 0x0000026dad112940
Event: 45901.611 Thread 0x0000026dad1105d0 Thread exited: 0x0000026dad1105d0
Event: 45901.611 Thread 0x0000026dad111500 Thread exited: 0x0000026dad111500


Dynamic libraries:
0x00007ff684520000 - 0x00007ff68452e000 	c:\Users\bryanesteban\.vscode\extensions\redhat.java-1.26.0-win32-x64\jre\17.0.9-win32-x86_64\bin\java.exe
0x00007ff845830000 - 0x00007ff845a28000 	C:\WINDOWS\SYSTEM32\ntdll.dll
0x00007ff843ca0000 - 0x00007ff843d5f000 	C:\WINDOWS\System32\KERNEL32.DLL
0x00007ff8430a0000 - 0x00007ff843396000 	C:\WINDOWS\System32\KERNELBASE.dll
0x00007ff8435e0000 - 0x00007ff8436e0000 	C:\WINDOWS\System32\ucrtbase.dll
0x00007ff818490000 - 0x00007ff8184ab000 	c:\Users\bryanesteban\.vscode\extensions\redhat.java-1.26.0-win32-x64\jre\17.0.9-win32-x86_64\bin\VCRUNTIME140.dll
0x00007ff818530000 - 0x00007ff818547000 	c:\Users\bryanesteban\.vscode\extensions\redhat.java-1.26.0-win32-x64\jre\17.0.9-win32-x86_64\bin\jli.dll
0x00007ff8450f0000 - 0x00007ff84528d000 	C:\WINDOWS\System32\USER32.dll
0x00007ff842f10000 - 0x00007ff842f32000 	C:\WINDOWS\System32\win32u.dll
0x00007ff844e30000 - 0x00007ff844e5c000 	C:\WINDOWS\System32\GDI32.dll
0x00007ff8436e0000 - 0x00007ff8437f5000 	C:\WINDOWS\System32\gdi32full.dll
0x00007ff8433a0000 - 0x00007ff84343d000 	C:\WINDOWS\System32\msvcp_win.dll
0x00007ff81e0c0000 - 0x00007ff81e35a000 	C:\WINDOWS\WinSxS\amd64_microsoft.windows.common-controls_6595b64144ccf1df_6.0.19041.1110_none_60b5254171f9507e\COMCTL32.dll
0x00007ff843eb0000 - 0x00007ff843f4e000 	C:\WINDOWS\System32\msvcrt.dll
0x00007ff843f50000 - 0x00007ff843f80000 	C:\WINDOWS\System32\IMM32.DLL
0x00007ff81b2c0000 - 0x00007ff81b2cc000 	c:\Users\bryanesteban\.vscode\extensions\redhat.java-1.26.0-win32-x64\jre\17.0.9-win32-x86_64\bin\vcruntime140_1.dll
0x00007fffddca0000 - 0x00007fffddd2d000 	c:\Users\bryanesteban\.vscode\extensions\redhat.java-1.26.0-win32-x64\jre\17.0.9-win32-x86_64\bin\msvcp140.dll
0x00007fff55150000 - 0x00007fff55db1000 	c:\Users\bryanesteban\.vscode\extensions\redhat.java-1.26.0-win32-x64\jre\17.0.9-win32-x86_64\bin\server\jvm.dll
0x00007ff843d60000 - 0x00007ff843e0f000 	C:\WINDOWS\System32\ADVAPI32.dll
0x00007ff844d20000 - 0x00007ff844dbc000 	C:\WINDOWS\System32\sechost.dll
0x00007ff844b40000 - 0x00007ff844c66000 	C:\WINDOWS\System32\RPCRT4.dll
0x00007ff8424d0000 - 0x00007ff84251b000 	C:\WINDOWS\SYSTEM32\POWRPROF.dll
0x00007ff82f9a0000 - 0x00007ff82f9c7000 	C:\WINDOWS\SYSTEM32\WINMM.dll
0x00007ff80b160000 - 0x00007ff80b169000 	C:\WINDOWS\SYSTEM32\WSOCK32.dll
0x00007ff845080000 - 0x00007ff8450eb000 	C:\WINDOWS\System32\WS2_32.dll
0x00007ff837ba0000 - 0x00007ff837baa000 	C:\WINDOWS\SYSTEM32\VERSION.dll
0x00007ff842340000 - 0x00007ff842352000 	C:\WINDOWS\SYSTEM32\UMPDC.dll
0x00007ff840de0000 - 0x00007ff840df2000 	C:\WINDOWS\SYSTEM32\kernel.appcore.dll
0x00007ff819ba0000 - 0x00007ff819baa000 	c:\Users\bryanesteban\.vscode\extensions\redhat.java-1.26.0-win32-x64\jre\17.0.9-win32-x86_64\bin\jimage.dll
0x00007ff836da0000 - 0x00007ff836f84000 	C:\WINDOWS\SYSTEM32\DBGHELP.DLL
0x00007ff835ed0000 - 0x00007ff835f04000 	C:\WINDOWS\SYSTEM32\dbgcore.DLL
0x00007ff843800000 - 0x00007ff843882000 	C:\WINDOWS\System32\bcryptPrimitives.dll
0x00007ff807100000 - 0x00007ff807125000 	c:\Users\bryanesteban\.vscode\extensions\redhat.java-1.26.0-win32-x64\jre\17.0.9-win32-x86_64\bin\java.dll
0x00007ff818410000 - 0x00007ff818428000 	c:\Users\bryanesteban\.vscode\extensions\redhat.java-1.26.0-win32-x64\jre\17.0.9-win32-x86_64\bin\zip.dll
0x00007ff8443f0000 - 0x00007ff844b34000 	C:\WINDOWS\System32\SHELL32.dll
0x00007ff840fe0000 - 0x00007ff841773000 	C:\WINDOWS\SYSTEM32\windows.storage.dll
0x00007ff843fe0000 - 0x00007ff844334000 	C:\WINDOWS\System32\combase.dll
0x00007ff842960000 - 0x00007ff84298e000 	C:\WINDOWS\SYSTEM32\Wldp.dll
0x00007ff844c70000 - 0x00007ff844d1d000 	C:\WINDOWS\System32\SHCORE.dll
0x00007ff843f80000 - 0x00007ff843fd5000 	C:\WINDOWS\System32\shlwapi.dll
0x00007ff842e50000 - 0x00007ff842e6f000 	C:\WINDOWS\SYSTEM32\profapi.dll
0x00007ff818350000 - 0x00007ff818369000 	C:\Users\bryanesteban\.vscode\extensions\redhat.java-1.26.0-win32-x64\jre\17.0.9-win32-x86_64\bin\net.dll
0x00007ff83af20000 - 0x00007ff83b02a000 	C:\WINDOWS\SYSTEM32\WINHTTP.dll
0x00007ff8426c0000 - 0x00007ff84272a000 	C:\WINDOWS\system32\mswsock.dll
0x00007ff814ac0000 - 0x00007ff814ad6000 	C:\Users\bryanesteban\.vscode\extensions\redhat.java-1.26.0-win32-x64\jre\17.0.9-win32-x86_64\bin\nio.dll
0x00007ff8428b0000 - 0x00007ff8428c8000 	C:\WINDOWS\SYSTEM32\CRYPTSP.dll
0x00007ff841f70000 - 0x00007ff841fa4000 	C:\WINDOWS\system32\rsaenh.dll
0x00007ff843440000 - 0x00007ff843467000 	C:\WINDOWS\System32\bcrypt.dll
0x00007ff842e10000 - 0x00007ff842e3e000 	C:\WINDOWS\SYSTEM32\USERENV.dll
0x00007ff8428d0000 - 0x00007ff8428dc000 	C:\WINDOWS\SYSTEM32\CRYPTBASE.dll
0x00007ff842360000 - 0x00007ff84239c000 	C:\WINDOWS\SYSTEM32\IPHLPAPI.DLL
0x00007ff845700000 - 0x00007ff845708000 	C:\WINDOWS\System32\NSI.dll
0x00007ff83bd80000 - 0x00007ff83bd97000 	C:\WINDOWS\SYSTEM32\dhcpcsvc6.DLL
0x00007ff83bcf0000 - 0x00007ff83bd0d000 	C:\WINDOWS\SYSTEM32\dhcpcsvc.DLL
0x00007ff8423b0000 - 0x00007ff84247a000 	C:\WINDOWS\SYSTEM32\DNSAPI.dll
0x00007ff817730000 - 0x00007ff817740000 	c:\Users\bryanesteban\.vscode\extensions\redhat.java-1.26.0-win32-x64\jre\17.0.9-win32-x86_64\bin\verify.dll
0x00007ff8173f0000 - 0x00007ff8173f9000 	C:\Users\bryanesteban\.vscode\extensions\redhat.java-1.26.0-win32-x64\jre\17.0.9-win32-x86_64\bin\management.dll
0x00007ff814130000 - 0x00007ff81413b000 	C:\Users\bryanesteban\.vscode\extensions\redhat.java-1.26.0-win32-x64\jre\17.0.9-win32-x86_64\bin\management_ext.dll
0x00007ff844e20000 - 0x00007ff844e28000 	C:\WINDOWS\System32\PSAPI.DLL
0x00007ff814d50000 - 0x00007ff814d5e000 	C:\Users\bryanesteban\.vscode\extensions\redhat.java-1.26.0-win32-x64\jre\17.0.9-win32-x86_64\bin\sunmscapi.dll
0x00007ff842f40000 - 0x00007ff84309e000 	C:\WINDOWS\System32\CRYPT32.dll
0x00007ff8429d0000 - 0x00007ff8429f8000 	C:\WINDOWS\SYSTEM32\ncrypt.dll
0x00007ff842990000 - 0x00007ff8429cb000 	C:\WINDOWS\SYSTEM32\NTASN1.dll
0x00000000534f0000 - 0x0000000053516000 	C:\Program Files\Bonjour\mdnsNSP.dll
0x00007ff83cd70000 - 0x00007ff83cd7a000 	C:\Windows\System32\rasadhlp.dll
0x00007ff832250000 - 0x00007ff8322d2000 	C:\WINDOWS\System32\fwpuclnt.dll

dbghelp: loaded successfully - version: 4.0.5 - missing functions: none
symbol engine: initialized successfully - sym options: 0x614 - pdb path: .;c:\Users\bryanesteban\.vscode\extensions\redhat.java-1.26.0-win32-x64\jre\17.0.9-win32-x86_64\bin;C:\WINDOWS\SYSTEM32;C:\WINDOWS\WinSxS\amd64_microsoft.windows.common-controls_6595b64144ccf1df_6.0.19041.1110_none_60b5254171f9507e;c:\Users\bryanesteban\.vscode\extensions\redhat.java-1.26.0-win32-x64\jre\17.0.9-win32-x86_64\bin\server;C:\Program Files\Bonjour

VM Arguments:
jvm_args: -XX:+HeapDumpOnOutOfMemoryError -Xmx1024m -Dsts.lsp.client=vscode -Dsts.log.file=/dev/null -XX:TieredStopAtLevel=1 -Xlog:jni+resolve=off -Dspring.config.location=file:c:\Users\bryanesteban\.vscode\extensions\vmware.vscode-spring-boot-1.51.0\language-server\BOOT-INF\classes\application.properties 
java_command: org.springframework.ide.vscode.boot.app.BootLanguageServerBootApp
java_class_path (initial): c:\Users\bryanesteban\.vscode\extensions\vmware.vscode-spring-boot-1.51.0\language-server\BOOT-INF\classes;c:\Users\bryanesteban\.vscode\extensions\vmware.vscode-spring-boot-1.51.0\language-server\BOOT-INF\lib\annotations-24.1.0.jar;c:\Users\bryanesteban\.vscode\extensions\vmware.vscode-spring-boot-1.51.0\language-server\BOOT-INF\lib\antlr-runtime-3.5.3.jar;c:\Users\bryanesteban\.vscode\extensions\vmware.vscode-spring-boot-1.51.0\language-server\BOOT-INF\lib\antlr4-4.11.1.jar;c:\Users\bryanesteban\.vscode\extensions\vmware.vscode-spring-boot-1.51.0\language-server\BOOT-INF\lib\antlr4-runtime-4.11.1.jar;c:\Users\bryanesteban\.vscode\extensions\vmware.vscode-spring-boot-1.51.0\language-server\BOOT-INF\lib\asm-9.6.jar;c:\Users\bryanesteban\.vscode\extensions\vmware.vscode-spring-boot-1.51.0\language-server\BOOT-INF\lib\asm-analysis-9.6.jar;c:\Users\bryanesteban\.vscode\extensions\vmware.vscode-spring-boot-1.51.0\language-server\BOOT-INF\lib\asm-tree-9.6.jar;c:\Users\bryanesteban\.vscode\extensions\vmware.vscode-spring-boot-1.51.0\language-server\BOOT-INF\lib\asm-util-9.6.jar;c:\Users\bryanesteban\.vscode\extensions\vmware.vscode-spring-boot-1.51.0\language-server\BOOT-INF\lib\bosh-language-server-1.51.0-SNAPSHOT.jar;c:\Users\bryanesteban\.vscode\extensions\vmware.vscode-spring-boot-1.51.0\language-server\BOOT-INF\lib\caffeine-3.1.8.jar;c:\Users\bryanesteban\.vscode\extensions\vmware.vscode-spring-boot-1.51.0\language-server\BOOT-INF\lib\checker-qual-3.12.0.jar;c:\Users\bryanesteban\.vscode\extensions\vmware.vscode-spring-boot-1.51.0\language-server\BOOT-INF\lib\classgraph-4.8.149.jar;c:\Users\bryanesteban\.vscode\extensions\vmware.vscode-spring-boot-1.51.0\language-server\BOOT-INF\lib\commons-codec-1.15.jar;c:\Users\bryanesteban\.vscode\extensions\vmware.vscode-spring-boot-1.51.0\language-server\BOOT-INF\lib\commons-compress-1.25.0.jar;c:\Users\bryanesteban\.vscode\extensions\vmware.vscode-spring-boot-1.51.0\language-server\BOOT-INF\lib\com
Launcher Type: SUN_STANDARD

[Global flags]
     intx CICompilerCount                          = 12                                        {product} {ergonomic}
     uint ConcGCThreads                            = 4                                         {product} {ergonomic}
     uint G1ConcRefinementThreads                  = 15                                        {product} {ergonomic}
   size_t G1HeapRegionSize                         = 1048576                                   {product} {ergonomic}
    uintx GCDrainStackTargetSize                   = 64                                        {product} {ergonomic}
     bool HeapDumpOnOutOfMemoryError               = true                                   {manageable} {command line}
   size_t InitialHeapSize                          = 1069547520                                {product} {ergonomic}
   size_t MarkStackSize                            = 4194304                                   {product} {ergonomic}
   size_t MaxHeapSize                              = 1073741824                                {product} {command line}
   size_t MaxNewSize                               = 643825664                                 {product} {ergonomic}
   size_t MinHeapDeltaBytes                        = 1048576                                   {product} {ergonomic}
   size_t MinHeapSize                              = 8388608                                   {product} {ergonomic}
    uintx NonProfiledCodeHeapSize                  = 0                                      {pd product} {ergonomic}
     bool ProfileInterpreter                       = false                                  {pd product} {command line}
    uintx ProfiledCodeHeapSize                     = 0                                      {pd product} {ergonomic}
   size_t SoftMaxHeapSize                          = 1073741824                             {manageable} {ergonomic}
     intx TieredStopAtLevel                        = 1                                         {product} {command line}
     bool UseCompressedClassPointers               = true                           {product lp64_product} {ergonomic}
     bool UseCompressedOops                        = true                           {product lp64_product} {ergonomic}
     bool UseG1GC                                  = true                                      {product} {ergonomic}
     bool UseLargePagesIndividualAllocation        = false                                  {pd product} {ergonomic}

Logging:
Log output configuration:
 #0: stdout all=warning,jni+resolve=off uptime,level,tags
 #1: stderr all=off uptime,level,tags

Environment Variables:
PATH=C:\Python311\Scripts\;C:\Python311\;C:\Program Files\Common Files\Oracle\Java\javapath;C:\Program Files (x86)\Common Files\Oracle\Java\javapath;C:\WINDOWS\system32;C:\Python39\Scripts\;C:\Python39\;C:\Program Files\AdoptOpenJDK\jdk-11.0.11.9-hotspot\bin;C:\app\bryanesteban\product\12.1.0\dbhome_3\bin;C:\app\bryanetseban\product\12.1.0\dbhome_1\bin;C:\Program Files (x86)\Rockwell Software\RSCommon;C:\Program Files\Hardwipe\;C:\Program Files\Microsoft MPI\Bin\;C:\Windows\system32;C:\Windows;C:\Windows\System32\Wbem;C:\Windows\System32\WindowsPowerShell\v1.0\;C:\Program Files (x86)\NVIDIA Corporation\PhysX\Common;C:\Program Files (x86)\Brackets\command;C:\WINDOWS;C:\WINDOWS\System32\Wbem;C:\WINDOWS\System32\WindowsPowerShell\v1.0\;C:\WINDOWS\System32\OpenSSH\;C:\Program Files (x86)\Windows Live\Shared;C:\Program Files\dotnet\;C:\Program Files\Microsoft SQL Server\Client SDK\ODBC\130\Tools\Binn\;C:\Program Files\Java\jdk1.8.0_181\bin;C:\Users\bryanesteban\AppData\Local\Android\Sdk\build-tools\28.0.3;C:\Program Files (x86)\Common Files\Acronis\SnapAPI\;C:\Program Files\Microsoft SQL Server\Client SDK\ODBC\170\Tools\Binn\;C:\Program Files (x86)\dotnet\;C:\Users\bryanesteban\.rustup\toolchains\stable-x86_64-pc-windows-msvc\lib\rustlib\x86_64-pc-windows-msvc\lib;C:\Program Files\PostgreSQL\13\lib;C:\Program Files\PuTTY\;C:\ProgramData\chocolatey\bin;C:\Program Files (x86)\Microsoft SQL Server\150\Tools\Binn\;C:\Program Files\Microsoft SQL Server\150\Tools\Binn\;C:\Program Files\Microsoft SQL Server\150\DTS\Binn\;C:\Program Files (x86)\Microsoft SQL Server\150\DTS\Binn\;C:\Program Files\Azure Data Studio\bin;C:\Program Files\NVIDIA Corporation\NVIDIA NvDLISR;C:\Program Files\Git\cmd;C:\Program Files\nodejs\;C:\Users\bryanesteban\.cargo\bin;C:\Program Files (x86)\Common Files\Oracle\Java\javapath;C:\app\bryanesteban\product\12.1.0\dbhome_3\bin;C:\app\bryanetseban\product\12.1.0\dbhome_1\bin;C:\Program Files (x86)\Rockwell Software\RSCommon;C:\Program Files\Hardwipe\;C:\Prog
USERNAME=bryanesteban
OS=Windows_NT
PROCESSOR_IDENTIFIER=Intel64 Family 6 Model 151 Stepping 2, GenuineIntel
TMP=C:\Users\BRYANE~1\AppData\Local\Temp
TEMP=C:\Users\BRYANE~1\AppData\Local\Temp



Periodic native trim disabled


---------------  S Y S T E M  ---------------

OS:
 Windows 10 , 64 bit Build 19041 (10.0.19041.3031)
OS uptime: 1 days 14:39 hours

CPU: total 20 (initial active 20) (10 cores per cpu, 2 threads per core) family 6 model 151 stepping 2 microcode 0x12, cx8, cmov, fxsr, ht, mmx, 3dnowpref, sse, sse2, sse3, ssse3, sse4.1, sse4.2, popcnt, lzcnt, tsc, tscinvbit, avx, avx2, aes, erms, clmul, bmi1, bmi2, adx, sha, fma, vzeroupper, clflush, clflushopt, clwb
Processor Information for processor 0
  Max Mhz: 3610, Current Mhz: 3610, Mhz Limit: 3610
Processor Information for processor 1
  Max Mhz: 3610, Current Mhz: 3610, Mhz Limit: 3610
Processor Information for processor 2
  Max Mhz: 3610, Current Mhz: 3610, Mhz Limit: 3610
Processor Information for processor 3
  Max Mhz: 3610, Current Mhz: 3610, Mhz Limit: 3610
Processor Information for processor 4
  Max Mhz: 3610, Current Mhz: 3610, Mhz Limit: 3610
Processor Information for processor 5
  Max Mhz: 3610, Current Mhz: 3610, Mhz Limit: 3610
Processor Information for processor 6
  Max Mhz: 3610, Current Mhz: 3610, Mhz Limit: 3610
Processor Information for processor 7
  Max Mhz: 3610, Current Mhz: 3610, Mhz Limit: 3610
Processor Information for processor 8
  Max Mhz: 3610, Current Mhz: 3610, Mhz Limit: 3610
Processor Information for processor 9
  Max Mhz: 3610, Current Mhz: 3610, Mhz Limit: 3610
Processor Information for processor 10
  Max Mhz: 3610, Current Mhz: 3610, Mhz Limit: 3610
Processor Information for processor 11
  Max Mhz: 3610, Current Mhz: 3610, Mhz Limit: 3610
Processor Information for processor 12
  Max Mhz: 3610, Current Mhz: 3610, Mhz Limit: 3610
Processor Information for processor 13
  Max Mhz: 3610, Current Mhz: 3610, Mhz Limit: 3610
Processor Information for processor 14
  Max Mhz: 3610, Current Mhz: 3610, Mhz Limit: 3610
Processor Information for processor 15
  Max Mhz: 3610, Current Mhz: 3610, Mhz Limit: 3610
Processor Information for processor 16
  Max Mhz: 3610, Current Mhz: 2707, Mhz Limit: 2707
Processor Information for processor 17
  Max Mhz: 3610, Current Mhz: 2707, Mhz Limit: 2707
Processor Information for processor 18
  Max Mhz: 3610, Current Mhz: 2707, Mhz Limit: 2707
Processor Information for processor 19
  Max Mhz: 3610, Current Mhz: 2707, Mhz Limit: 2707

Memory: 4k page, system-wide physical 65277M (42117M free)
TotalPageFile size 184135M (AvailPageFile size 11M)
current process WorkingSet (physical memory assigned to process): 228M, peak: 279M
current process commit charge ("private bytes"): 293M, peak: 1179M

vm_info: OpenJDK 64-Bit Server VM (17.0.9+9) for windows-amd64 JRE (17.0.9+9), built on Oct 26 2023 14:01:42 by "admin" with MS VC++ 16.10 / 16.11 (VS2019)

END.
